AndroidPubSubWebSocket/build/outputs/logs/manifest-merger-debug-report.txt
-- Merging decision tree log ---
manifest
ADDED from aws-sdk-android-samples\AndroidPubSubWebSocket\AndroidManifest.xml:2:1-26:12
INJECTED from aws-sdk-android-samples\AndroidPubSubWebSocket\AndroidManifest.xml:2:1-26:12
INJECTED from aws-sdk-android-samples\AndroidPubSubWebSocket\AndroidManifest.xml:2:1-26:12
MERGED from [com.amazonaws:aws-android-sdk-iot:2.16.3] AndroidManifest.xml:1:1-6:12
MERGED from [org.conscrypt:conscrypt-android:2.0.0] AndroidManifest.xml:2:1-13:12
INJECTED from aws-sdk-android-samples\AndroidPubSubWebSocket\AndroidManifest.xml:2:1-26:12
INJECTED from aws-sdk-android-samples\AndroidPubSubWebSocket\AndroidManifest.xml:2:1-26:12
	package
		ADDED from aws-sdk-android-samples\AndroidPubSubWebSocket\AndroidManifest.xml:3:5-56
	android:versionName
		ADDED from aws-sdk-android-samples\AndroidPubSubWebSocket\AndroidManifest.xml:5:5-30
		INJECTED from aws-sdk-android-samples\AndroidPubSubWebSocket\AndroidManifest.xml
		INJECTED from aws-sdk-android-samples\AndroidPubSubWebSocket\AndroidManifest.xml
	xmlns:android
		ADDED from aws-sdk-android-samples\AndroidPubSubWebSocket\AndroidManifest.xml:2:11-69
	android:versionCode
		ADDED from aws-sdk-android-samples\AndroidPubSubWebSocket\AndroidManifest.xml:4:5-28
		INJECTED from aws-sdk-android-samples\AndroidPubSubWebSocket\AndroidManifest.xml
		INJECTED from aws-sdk-android-samples\AndroidPubSubWebSocket\AndroidManifest.xml
uses-sdk
ADDED from aws-sdk-android-samples\AndroidPubSubWebSocket\AndroidManifest.xml:7:5-9:41
INJECTED from aws-sdk-android-samples\AndroidPubSubWebSocket\AndroidManifest.xml:7:5-9:41
INJECTED from aws-sdk-android-samples\AndroidPubSubWebSocket\AndroidManifest.xml:7:5-9:41
MERGED from [com.amazonaws:aws-android-sdk-iot:2.16.3] AndroidManifest.xml:3:5-73
MERGED from [com.amazonaws:aws-android-sdk-iot:2.16.3] AndroidManifest.xml:3:5-73
MERGED from [org.conscrypt:conscrypt-android:2.0.0] AndroidManifest.xml:7:5-9:41
MERGED from [org.conscrypt:conscrypt-android:2.0.0] AndroidManifest.xml:7:5-9:41
INJECTED from aws-sdk-android-samples\AndroidPubSubWebSocket\AndroidManifest.xml:7:5-9:41
INJECTED from aws-sdk-android-samples\AndroidPubSubWebSocket\AndroidManifest.xml:7:5-9:41
	android:targetSdkVersion
		ADDED from aws-sdk-android-samples\AndroidPubSubWebSocket\AndroidManifest.xml:9:9-38
		INJECTED from aws-sdk-android-samples\AndroidPubSubWebSocket\AndroidManifest.xml
		INJECTED from aws-sdk-android-samples\AndroidPubSubWebSocket\AndroidManifest.xml
	android:minSdkVersion
		ADDED from aws-sdk-android-samples\AndroidPubSubWebSocket\AndroidManifest.xml:8:9-35
		INJECTED from aws-sdk-android-samples\AndroidPubSubWebSocket\AndroidManifest.xml
		INJECTED from aws-sdk-android-samples\AndroidPubSubWebSocket\AndroidManifest.xml
uses-permission#android.permission.INTERNET
ADDED from aws-sdk-android-samples\AndroidPubSubWebSocket\AndroidManifest.xml:11:5-67
MERGED from [com.amazonaws:aws-android-sdk-iot:2.16.3] AndroidManifest.xml:5:5-66
MERGED from [com.amazonaws:aws-android-sdk-iot:2.16.3] AndroidManifest.xml:5:5-66
	android:name
		ADDED from aws-sdk-android-samples\AndroidPubSubWebSocket\AndroidManifest.xml:11:22-64
application
ADDED from aws-sdk-android-samples\AndroidPubSubWebSocket\AndroidManifest.xml:13:5-24:19
MERGED from [org.conscrypt:conscrypt-android:2.0.0] AndroidManifest.xml:11:5-20
MERGED from [org.conscrypt:conscrypt-android:2.0.0] AndroidManifest.xml:11:5-20
	android:label
		ADDED from aws-sdk-android-samples\AndroidPubSubWebSocket\AndroidManifest.xml:16:9-41
	android:icon
		ADDED from aws-sdk-android-samples\AndroidPubSubWebSocket\AndroidManifest.xml:15:9-45
	android:allowBackup
		ADDED from aws-sdk-android-samples\AndroidPubSubWebSocket\AndroidManifest.xml:14:9-35
activity#com.amazonaws.demo.androidpubsubwebsocket.PubSubActivity
ADDED from aws-sdk-android-samples\AndroidPubSubWebSocket\AndroidManifest.xml:17:9-23:20
	android:name
		ADDED from aws-sdk-android-samples\AndroidPubSubWebSocket\AndroidManifest.xml:17:19-90
intent-filter#android.intent.action.MAIN+android.intent.category.LAUNCHER
ADDED from aws-sdk-android-samples\AndroidPubSubWebSocket\AndroidManifest.xml:18:13-22:29
action#android.intent.action.MAIN
ADDED from aws-sdk-android-samples\AndroidPubSubWebSocket\AndroidManifest.xml:19:17-69
	android:name
		ADDED from aws-sdk-android-samples\AndroidPubSubWebSocket\AndroidManifest.xml:19:25-66
category#android.intent.category.LAUNCHER
ADDED from aws-sdk-android-samples\AndroidPubSubWebSocket\AndroidManifest.xml:21:17-77
	android:name
		ADDED from aws-sdk-android-samples\AndroidPubSubWebSocket\AndroidManifest.xml:21:27-74